[debug] [2023-03-07T19:42:17.329Z] ----------------------------------------------------------------------
[debug] [2023-03-07T19:42:17.331Z] Command:       C:\Program Files\nodejs\node.exe C:\Users\nirgl\AppData\Roaming\npm\node_modules\firebase-tools\lib\bin\firebase.js init
[debug] [2023-03-07T19:42:17.332Z] CLI Version:   11.24.0
[debug] [2023-03-07T19:42:17.332Z] Platform:      win32
[debug] [2023-03-07T19:42:17.332Z] Node Version:  v18.14.2
[debug] [2023-03-07T19:42:17.333Z] Time:          Tue Mar 07 2023 20:42:17 GMT+0100 (Central European Standard Time)
[debug] [2023-03-07T19:42:17.334Z] ----------------------------------------------------------------------
[debug] 
[debug] [2023-03-07T19:42:17.338Z] >>> [apiv2][query] GET https://firebase-public.firebaseio.com/cli.json [none]
[debug] [2023-03-07T19:42:17.382Z] > command requires scopes: ["email","openid","https://www.googleapis.com/auth/cloudplatformprojects.readonly","https://www.googleapis.com/auth/firebase","https://www.googleapis.com/auth/cloud-platform"]
[debug] [2023-03-07T19:42:17.383Z] > authorizing via signed-in user (nir.gluzman@gmail.com)
[info] 
     ######## #### ########  ######## ########     ###     ######  ########
     ##        ##  ##     ## ##       ##     ##  ##   ##  ##       ##
     ######    ##  ########  ######   ########  #########  ######  ######
     ##        ##  ##    ##  ##       ##     ## ##     ##       ## ##
     ##       #### ##     ## ######## ########  ##     ##  ######  ########

You're about to initialize a Firebase project in this directory:

  C:\Users\nirgl\Desktop\Projects\expense-tracker

[debug] [2023-03-07T19:42:17.716Z] <<< [apiv2][status] GET https://firebase-public.firebaseio.com/cli.json 200
[debug] [2023-03-07T19:42:17.717Z] <<< [apiv2][body] GET https://firebase-public.firebaseio.com/cli.json {"cloudBuildErrorAfter":1594252800000,"cloudBuildWarnAfter":1590019200000,"defaultNode10After":1594252800000,"minVersion":"3.0.5","node8DeploysDisabledAfter":1613390400000,"node8RuntimeDisabledAfter":1615809600000,"node8WarnAfter":1600128000000}
